0 info it worked if it ends with ok
1 verbose cli [ '/usr/local/bin/iojs', '/usr/local/bin/npm', 'publish' ]
2 info using npm@2.9.0
3 info using node@v2.0.0
4 verbose publish [ '.' ]
5 silly cache add args [ '.', null ]
6 verbose cache add spec .
7 silly cache add parsed spec { raw: '.',
7 silly cache add   scope: null,
7 silly cache add   name: null,
7 silly cache add   rawSpec: '.',
7 silly cache add   spec: '/home/victorqueiroz/Www/mongo-native',
7 silly cache add   type: 'directory' }
8 verbose addLocalDirectory /home/victorqueiroz/.npm/mongo-native/1.0.1/package.tgz not in flight; packing
9 verbose tar pack [ '/home/victorqueiroz/.npm/mongo-native/1.0.1/package.tgz',
9 verbose tar pack   '/home/victorqueiroz/Www/mongo-native' ]
10 verbose tarball /home/victorqueiroz/.npm/mongo-native/1.0.1/package.tgz
11 verbose folder /home/victorqueiroz/Www/mongo-native
12 info prepublish mongo-native@1.0.1
13 verbose addLocalTarball adding from inside cache /home/victorqueiroz/.npm/mongo-native/1.0.1/package.tgz
14 silly cache afterAdd mongo-native@1.0.1
15 verbose afterAdd /home/victorqueiroz/.npm/mongo-native/1.0.1/package/package.json not in flight; writing
16 verbose afterAdd /home/victorqueiroz/.npm/mongo-native/1.0.1/package/package.json written
17 silly publish { name: 'mongo-native',
17 silly publish   version: '1.0.1',
17 silly publish   description: 'Native MongoDB API with promises just to make you happy',
17 silly publish   main: 'index.js',
17 silly publish   scripts: { test: 'node test/index.js', jshint: 'jshint index.js lib/*' },
17 silly publish   author: { name: 'Victor Queiroz', email: 'victorcqueirozg@gmail.com' },
17 silly publish   license: 'MIT',
17 silly publish   dependencies: { lodash: '^3.8.0', mongodb: '^2.0.31', q: '^1.4.0' },
17 silly publish   devDependencies:
17 silly publish    { bson: '^0.3.2',
17 silly publish      glob: '^5.0.6',
17 silly publish      mocha: '^2.2.4',
17 silly publish      randomstring: '^1.0.5' },
17 silly publish   readme: '# mongo-native\n\nNative MongoDB API with promises just to make you happy.\n\nWe\'re just following the `mongodb` npm package api, which you can check [here](http://mongodb.github.io/node-mongodb-native/2.0/api/).\n\n### Installation (npm)\n```\nnpm install --save mongo-native\n```\n\n### Examples\n```js\nvar MongoNative = require(\'mongo-native\');\n\nMongoNative.connect(\'mongodb://localhost/native-db\').then(function (db) {\n\tvar users = db.collection(\'users\');\n\n\tusers.insertMany([{name: \'kris kowal\'}, {name: \'tj\'}, {name: \'douglas crockford\'}]).then(function (docs) {\n\t\tassert.equal(\'kris kowal\', docs[0].name);\n\t});\n});\n```\n\n```js\ndb.collection(\'users\', function (err, users) {\n\tif(err) {\n\t\tthrow err;\n\t}\n\n\tusers.insertOne({name: \'addy osmani\'}).then(function (user) {\n\t\tassert.equal(\'addy osmani\', user.name);\n\t});\n});\n```\n\n```js\nvar Db = require(\'mongo-native\').Db;\nvar mongodb = require(\'mongodb\');\nvar MongoClient = mongodb.MongoClient;\n\nMongoClient.connect(\'mongodb://localhost/mydb\', function (err, db) {\n\tif(err) {\n\t\tthrow err;\n\t}\n\n\tglobal.db = new Db(db);\n});\n\napp.listen(3000, function () {\n\tconsole.log(\'Everything is cool now\');\n});\n```\n\n```js\nvar docs = [{\n  title : "this is my title", author : "bob", posted : new Date() ,\n  pageViews : 5, tags : [ "fun" , "good" , "fun" ], other : { foo : 5 },\n  comments : [\n    { author :"joe", text : "this is cool" }, { author :"sam", text : "this is bad" }\n  ]}];\n\n// Create a collection\nvar collection = db.collection(\'aggregationExample1\');\n// Insert the docs\ncollection.deleteMany({}, {w:1}).then(function () {\n\treturn collection.insertMany(docs, {w: 1});\n}).then(function(result) {\n  // Execute aggregate, notice the pipeline is expressed as an Array\n  var promise = collection.aggregate([\n      { $project : {\n        author : 1,\n        tags : 1\n      }},\n      { $unwind : "$tags" },\n      { $group : {\n        _id : {tags : "$tags"},\n        authors : { $addToSet : "$author" }\n      }}\n  ]);\n\n  return promise;\n}).then(function(result) {\n  res.json(result);\n}, function (err) {\n\tconsole.log(err);\n\tres.status(400).end();\n});\n```\n\n```js\nMongoNative.connect(\'mongodb://localhost/mydb\').then(function (db) {\n\tvar users = db.collection(\'users\');\n\treturn users.find();\n}).then(function (users) {\n\tassert.equal(300000, users.length);\n});\n```\n\nDo you mean... [More examples](https://github.com/VictorQueiroz/mongo-native/tree/master/test/unit)? o:',
17 silly publish   readmeFilename: 'README.md',
17 silly publish   gitHead: '23c9a885715a72b1aecf16ba70ff724acc85e44a',
17 silly publish   _id: 'mongo-native@1.0.1',
17 silly publish   _shasum: '1d618c3d9266ffe7f47d9411b23bf334204bb797',
17 silly publish   _from: '.' }
18 verbose getPublishConfig undefined
19 silly mapToRegistry name mongo-native
20 silly mapToRegistry using default registry
21 silly mapToRegistry registry https://registry.npmjs.org/
22 silly mapToRegistry uri https://registry.npmjs.org/mongo-native
23 verbose publish registryBase https://registry.npmjs.org/
24 silly publish uploading /home/victorqueiroz/.npm/mongo-native/1.0.1/package.tgz
25 verbose request uri https://registry.npmjs.org/mongo-native
26 verbose request sending authorization for write operation
27 info attempt registry request try #1 at 04:03:52
28 verbose request using bearer token for auth
29 verbose request id 72bc19b562da865d
30 http request PUT https://registry.npmjs.org/mongo-native
31 http 403 https://registry.npmjs.org/mongo-native
32 verbose headers { 'content-type': 'application/json',
32 verbose headers   'cache-control': 'max-age=60',
32 verbose headers   'content-length': '95',
32 verbose headers   'accept-ranges': 'bytes',
32 verbose headers   date: 'Sun, 17 May 2015 07:04:03 GMT',
32 verbose headers   via: '1.1 varnish',
32 verbose headers   connection: 'keep-alive',
32 verbose headers   'x-served-by': 'cache-jfk1025-JFK',
32 verbose headers   'x-cache': 'MISS',
32 verbose headers   'x-cache-hits': '0',
32 verbose headers   'x-timer': 'S1431846243.495451,VS0,VE394' }
33 verbose request invalidating /home/victorqueiroz/.npm/registry.npmjs.org/mongo-native on PUT
34 error publish Failed PUT 403
35 verbose stack Error: "You cannot publish over the previously published version 1.0.1." : mongo-native
35 verbose stack     at CachingRegistryClient.<anonymous> (/usr/local/lib/node_modules/npm/node_modules/npm-registry-client/lib/request.js:247:14)
35 verbose stack     at Request._callback (/usr/local/lib/node_modules/npm/node_modules/npm-registry-client/lib/request.js:170:14)
35 verbose stack     at Request.self.callback (/usr/local/lib/node_modules/npm/node_modules/request/request.js:368:22)
35 verbose stack     at emitTwo (events.js:87:13)
35 verbose stack     at Request.emit (events.js:169:7)
35 verbose stack     at Request.<anonymous> (/usr/local/lib/node_modules/npm/node_modules/request/request.js:1219:14)
35 verbose stack     at emitOne (events.js:82:20)
35 verbose stack     at Request.emit (events.js:166:7)
35 verbose stack     at IncomingMessage.<anonymous> (/usr/local/lib/node_modules/npm/node_modules/request/request.js:1167:12)
35 verbose stack     at emitNone (events.js:72:20)
36 verbose statusCode 403
37 verbose pkgid mongo-native
38 verbose cwd /home/victorqueiroz/Www/mongo-native
39 error Linux 3.16.0-4-amd64
40 error argv "/usr/local/bin/iojs" "/usr/local/bin/npm" "publish"
41 error node v2.0.0
42 error npm  v2.9.0
43 error code E403
44 error "You cannot publish over the previously published version 1.0.1." : mongo-native
45 error If you need help, you may report this error at:
45 error     <https://github.com/npm/npm/issues>
46 verbose exit [ 1, true ]
